<?xml version="1.0" encoding="UTF-8"?>
<!-- Generated by org.testng.reporters.JUnitXMLReporter -->
<testsuite hostname="MSDES13" ignored="0" name="Demo Test Cases for Report" tests="6" failures="2" timestamp="2020-02-17T15:37:44 IST" time="0.066" errors="0">
  <testcase name="FunctionalityTest1" time="0.012" classname="ReportForPlan.Testcase1"/>
  <testcase name="FunctionalityTest2" time="0.001" classname="ReportForPlan.Testcase1"/>
  <testcase name="FunctionalityTest3" time="0.001" classname="ReportForPlan.Testcase1">
    <failure type="junit.framework.AssertionFailedError" message="expected not same">
      <![CDATA[junit.framework.AssertionFailedError: expected not same
at junit.framework.Assert.fail(Assert.java:47)
at junit.framework.Assert.failSame(Assert.java:271)
at junit.framework.Assert.assertNotSame(Assert.java:257)
at junit.framework.Assert.assertNotSame(Assert.java:264)
at ReportForPlan.Testcase1.FunctionalityTest3(Testcase1.java:33)
at java.util.ArrayList.forEach(ArrayList.java:1257)
... Removed 27 stack frames]]>
    </failure>
  </testcase> <!-- FunctionalityTest3 -->
  <testcase name="Functionality2Test1" time="0.003" classname="ReportForPlan.Testcase2">
    <failure type="java.lang.NullPointerException">
      <![CDATA[java.lang.NullPointerException
at ReportForPlan.Testcase2.Functionality2Test1(Testcase2.java:17)
at java.util.ArrayList.forEach(ArrayList.java:1257)
... Removed 27 stack frames]]>
    </failure>
  </testcase> <!-- Functionality2Test1 -->
  <testcase name="Functionality2Test2" time="0.001" classname="ReportForPlan.Testcase2"/>
  <testcase name="Functionality2Test3" time="0.001" classname="ReportForPlan.Testcase2"/>
</testsuite> <!-- Demo Test Cases for Report -->
