<?xml version="1.0" encoding="UTF-8"?>
<!-- Generated by org.testng.reporters.JUnitXMLReporter -->
<testsuite hostname="MSDES13" ignored="0" name="Zeenyx Test Cases for Report" tests="4" failures="0" timestamp="2020-02-17T17:39:39 IST" time="134.942" errors="0">
  <testcase name="InfoAboutAT_ZeenyxTestcase" time="19.803" classname="com.MS.Zeenyx.Plans.ZeenyxWebsiteTestPlan"/>
  <testcase name="InfoRequest_ZeenyxTestcase" time="12.43" classname="com.MS.Zeenyx.Plans.ZeenyxWebsiteTestPlan"/>
  <testcase name="TrialReqForAT_ZeennyxTestcase" time="18.962" classname="com.MS.Zeenyx.Plans.ZeenyxWebsiteTestPlan"/>
  <testcase name="WebcastRegister_ZeenyxTestcase" time="18.954" classname="com.MS.Zeenyx.Plans.ZeenyxWebsiteTestPlan"/>
</testsuite> <!-- Zeenyx Test Cases for Report -->
