<?xml version="1.0" encoding="UTF-8"?>
<!-- Generated by org.testng.reporters.JUnitXMLReporter -->
<testsuite hostname="MSDES13" ignored="2" name="Test11" tests="6" failures="2" timestamp="2020-02-17T10:52:52 IST" time="0.072" errors="0">
  <testcase name="@AfterMethod getResult" time="0.0" classname="ReportForPlan.BaseTest">
    <failure type="java.lang.NullPointerException">
      <![CDATA[java.lang.NullPointerException
at ReportForPlan.BaseTest.getResult(BaseTest.java:48)
at java.util.ArrayList.forEach(ArrayList.java:1257)
... Removed 32 stack frames]]>
    </failure>
  </testcase> <!-- @AfterMethod getResult -->
  <testcase name="@AfterMethod getResult" time="-1.581916972426E9" classname="ReportForPlan.BaseTest">
    <skipped/>
  </testcase> <!-- @AfterMethod getResult -->
  <testcase name="@AfterMethod getResult" time="-1.58191697243E9" classname="ReportForPlan.BaseTest">
    <skipped/>
  </testcase> <!-- @AfterMethod getResult -->
  <testcase name="FunctionalityTest1" time="0.011" classname="ReportForPlan.Testcase1"/>
  <testcase name="FunctionalityTest2" time="0.001" classname="ReportForPlan.Testcase1"/>
  <testcase name="FunctionalityTest3" time="0.001" classname="ReportForPlan.Testcase1">
    <failure type="junit.framework.AssertionFailedError" message="expected not same">
      <![CDATA[junit.framework.AssertionFailedError: expected not same
at junit.framework.Assert.fail(Assert.java:47)
at junit.framework.Assert.failSame(Assert.java:271)
at junit.framework.Assert.assertNotSame(Assert.java:257)
at junit.framework.Assert.assertNotSame(Assert.java:264)
at ReportForPlan.Testcase1.FunctionalityTest3(Testcase1.java:27)
at java.util.ArrayList.forEach(ArrayList.java:1257)
... Removed 27 stack frames]]>
    </failure>
  </testcase> <!-- FunctionalityTest3 -->
  <testcase name="Functionality2Test1" time="0.001" classname="ReportForPlan.Testcase2">
    <failure type="java.lang.NullPointerException">
      <![CDATA[java.lang.NullPointerException
at ReportForPlan.Testcase2.Functionality2Test1(Testcase2.java:12)
at java.util.ArrayList.forEach(ArrayList.java:1257)
... Removed 27 stack frames]]>
    </failure>
  </testcase> <!-- Functionality2Test1 -->
  <testcase name="Functionality2Test2" time="0.0" classname="ReportForPlan.Testcase2">
    <skipped/>
  </testcase> <!-- Functionality2Test2 -->
  <testcase name="Functionality2Test3" time="0.0" classname="ReportForPlan.Testcase2">
    <skipped/>
  </testcase> <!-- Functionality2Test3 -->
  <testcase name="@BeforeSuite SetUpSuite" time="0.0" classname="ReportForPlan.BaseTest">
    <ignored/>
  </testcase> <!-- @BeforeSuite SetUpSuite -->
  <testcase name="@AfterSuite tearDown" time="0.0" classname="ReportForPlan.BaseTest">
    <ignored/>
  </testcase> <!-- @AfterSuite tearDown -->
</testsuite> <!-- Test11 -->
