<?xml version="1.0" encoding="UTF-8"?>
<testng-results skipped="0" failed="0" ignored="0" total="1" passed="1">
  <reporter-output>
  </reporter-output>
  <suite name="Suite" duration-ms="35831" started-at="2020-02-12T10:15:32Z" finished-at="2020-02-12T10:16:08Z">
    <groups>
    </groups>
    <test name="Test" duration-ms="35831" started-at="2020-02-12T10:15:32Z" finished-at="2020-02-12T10:16:08Z">
      <class name="SeleniumBasics_Java.SeleniumBasics_Java.Testcases.ZeennyxWebCastReqTestcase">
        <test-method status="PASS" signature="ZeennyxWebCastReqTestcase_JavaSele()[pri:0, instance:SeleniumBasics_Java.SeleniumBasics_Java.Testcases.ZeennyxWebCastReqTestcase@2b4a2ec7]" name="ZeennyxWebCastReqTestcase_JavaSele" duration-ms="35815" started-at="2020-02-12T15:45:32Z" finished-at="2020-02-12T15:46:08Z">
          <reporter-output>
          </reporter-output>
        </test-method> <!-- ZeennyxWebCastReqTestcase_JavaSele -->
      </class> <!-- SeleniumBasics_Java.SeleniumBasics_Java.Testcases.ZeennyxWebCastReqTestcase -->
    </test> <!-- Test -->
  </suite> <!-- Suite -->
</testng-results>
