<?xml version="1.0" encoding="UTF-8"?>
<testng-results skipped="0" failed="0" ignored="0" total="4" passed="4">
  <reporter-output>
  </reporter-output>
  <suite name="Test Automation Test Suite" duration-ms="134942" started-at="2020-02-17T17:37:24 IST" finished-at="2020-02-17T17:39:39 IST">
    <groups>
    </groups>
    <test name="Zeenyx Test Cases for Report" duration-ms="134942" started-at="2020-02-17T17:37:24 IST" finished-at="2020-02-17T17:39:39 IST">
      <class name="com.MS.Zeenyx.Plans.ZeenyxWebsiteTestPlan">
        <test-method status="PASS" signature="SetUp()[pri:0, instance:com.MS.Zeenyx.Plans.ZeenyxWebsiteTestPlan@3e57cd70]" name="SetUp" is-config="true" duration-ms="12785" started-at="2020-02-17T17:37:24 IST" finished-at="2020-02-17T17:37:37 IST">
          <reporter-output>
          </reporter-output>
        </test-method> <!-- SetUp -->
        <test-method status="PASS" signature="InfoAboutAT_ZeenyxTestcase()[pri:0, instance:com.MS.Zeenyx.Plans.ZeenyxWebsiteTestPlan@3e57cd70]" name="InfoAboutAT_ZeenyxTestcase" duration-ms="19803" started-at="2020-02-17T17:37:37 IST" finished-at="2020-02-17T17:37:56 IST">
          <reporter-output>
          </reporter-output>
        </test-method> <!-- InfoAboutAT_ZeenyxTestcase -->
        <test-method status="PASS" signature="TearDown()[pri:0, instance:com.MS.Zeenyx.Plans.ZeenyxWebsiteTestPlan@3e57cd70]" name="TearDown" is-config="true" duration-ms="3909" started-at="2020-02-17T17:37:56 IST" finished-at="2020-02-17T17:38:00 IST">
          <reporter-output>
          </reporter-output>
        </test-method> <!-- TearDown -->
        <test-method status="PASS" signature="SetUp()[pri:0, instance:com.MS.Zeenyx.Plans.ZeenyxWebsiteTestPlan@3e57cd70]" name="SetUp" is-config="true" duration-ms="11031" started-at="2020-02-17T17:38:00 IST" finished-at="2020-02-17T17:38:11 IST">
          <reporter-output>
          </reporter-output>
        </test-method> <!-- SetUp -->
        <test-method status="PASS" signature="InfoRequest_ZeenyxTestcase()[pri:0, instance:com.MS.Zeenyx.Plans.ZeenyxWebsiteTestPlan@3e57cd70]" name="InfoRequest_ZeenyxTestcase" duration-ms="12430" started-at="2020-02-17T17:38:11 IST" finished-at="2020-02-17T17:38:24 IST">
          <reporter-output>
          </reporter-output>
        </test-method> <!-- InfoRequest_ZeenyxTestcase -->
        <test-method status="PASS" signature="TearDown()[pri:0, instance:com.MS.Zeenyx.Plans.ZeenyxWebsiteTestPlan@3e57cd70]" name="TearDown" is-config="true" duration-ms="4209" started-at="2020-02-17T17:38:24 IST" finished-at="2020-02-17T17:38:28 IST">
          <reporter-output>
          </reporter-output>
        </test-method> <!-- TearDown -->
        <test-method status="PASS" signature="SetUp()[pri:0, instance:com.MS.Zeenyx.Plans.ZeenyxWebsiteTestPlan@3e57cd70]" name="SetUp" is-config="true" duration-ms="12141" started-at="2020-02-17T17:38:28 IST" finished-at="2020-02-17T17:38:40 IST">
          <reporter-output>
          </reporter-output>
        </test-method> <!-- SetUp -->
        <test-method status="PASS" signature="TrialReqForAT_ZeennyxTestcase()[pri:0, instance:com.MS.Zeenyx.Plans.ZeenyxWebsiteTestPlan@3e57cd70]" name="TrialReqForAT_ZeennyxTestcase" duration-ms="18962" started-at="2020-02-17T17:38:40 IST" finished-at="2020-02-17T17:38:59 IST">
          <reporter-output>
          </reporter-output>
        </test-method> <!-- TrialReqForAT_ZeennyxTestcase -->
        <test-method status="PASS" signature="TearDown()[pri:0, instance:com.MS.Zeenyx.Plans.ZeenyxWebsiteTestPlan@3e57cd70]" name="TearDown" is-config="true" duration-ms="4365" started-at="2020-02-17T17:38:59 IST" finished-at="2020-02-17T17:39:03 IST">
          <reporter-output>
          </reporter-output>
        </test-method> <!-- TearDown -->
        <test-method status="PASS" signature="SetUp()[pri:0, instance:com.MS.Zeenyx.Plans.ZeenyxWebsiteTestPlan@3e57cd70]" name="SetUp" is-config="true" duration-ms="11619" started-at="2020-02-17T17:39:03 IST" finished-at="2020-02-17T17:39:15 IST">
          <reporter-output>
          </reporter-output>
        </test-method> <!-- SetUp -->
        <test-method status="PASS" signature="WebcastRegister_ZeenyxTestcase()[pri:0, instance:com.MS.Zeenyx.Plans.ZeenyxWebsiteTestPlan@3e57cd70]" name="WebcastRegister_ZeenyxTestcase" duration-ms="18954" started-at="2020-02-17T17:39:15 IST" finished-at="2020-02-17T17:39:34 IST">
          <reporter-output>
          </reporter-output>
        </test-method> <!-- WebcastRegister_ZeenyxTestcase -->
        <test-method status="PASS" signature="TearDown()[pri:0, instance:com.MS.Zeenyx.Plans.ZeenyxWebsiteTestPlan@3e57cd70]" name="TearDown" is-config="true" duration-ms="4685" started-at="2020-02-17T17:39:34 IST" finished-at="2020-02-17T17:39:39 IST">
          <reporter-output>
          </reporter-output>
        </test-method> <!-- TearDown -->
      </class> <!-- com.MS.Zeenyx.Plans.ZeenyxWebsiteTestPlan -->
    </test> <!-- Zeenyx Test Cases for Report -->
  </suite> <!-- Test Automation Test Suite -->
</testng-results>
